<?xml version="1.0" encoding="UTF-8"?>
<testng-results skipped="0" failed="0" ignored="0" total="2" passed="2">
  <reporter-output>
  </reporter-output>
  <suite name="Suite" duration-ms="34982" started-at="2020-04-18T20:53:08 PDT" finished-at="2020-04-18T20:53:43 PDT">
    <groups>
    </groups>
    <test name="Test" duration-ms="34982" started-at="2020-04-18T20:53:08 PDT" finished-at="2020-04-18T20:53:43 PDT">
      <class name="browser.Crossbrowser2">
        <test-method status="PASS" signature="method2()[pri:0, instance:browser.Crossbrowser2@68bbe345]" name="method2" duration-ms="30798" started-at="2020-04-18T20:53:08 PDT" finished-at="2020-04-18T20:53:39 PDT">
          <reporter-output>
          </reporter-output>
        </test-method> <!-- method2 -->
      </class> <!-- browser.Crossbrowser2 -->
      <class name="browser.Crossbrowser1">
        <test-method status="PASS" signature="method1()[pri:0, instance:browser.Crossbrowser1@30b8a058]" name="method1" duration-ms="34903" started-at="2020-04-18T20:53:08 PDT" finished-at="2020-04-18T20:53:43 PDT">
          <reporter-output>
          </reporter-output>
        </test-method> <!-- method1 -->
      </class> <!-- browser.Crossbrowser1 -->
    </test> <!-- Test -->
  </suite> <!-- Suite -->
</testng-results>
